2017-02-26 12:03:20,641 [Worker-30] INFO  o.e.m.c.i.p.ProjectConfigurationManager - Collecting project info '/pom.xml' H:\gitcode\neno_workspace\m2liudong-demo\pom.xml
2017-02-26 12:03:23,823 [Worker-30] INFO  o.e.m.c.i.l.LifecycleMappingFactory - Using org.eclipse.m2e.jdt.JarLifecycleMapping lifecycle mapping for MavenProject: com.primeton.m2liudong:m2liudong-demo:0.0.1-SNAPSHOT @ H:\gitcode\neno_workspace\m2liudong-demo\pom.xml.
2017-02-26 12:03:25,107 [Worker-30] INFO  o.e.m.j.i.AbstractJavaProjectConfigurator - Adding source folder /m2liudong-demo/src/main/java
2017-02-26 12:03:25,116 [Worker-30] INFO  o.e.m.j.i.AbstractJavaProjectConfigurator - Adding source folder /m2liudong-demo/src/test/java
2017-02-26 12:03:25,823 [Worker-30] INFO  o.e.m.c.i.p.ProjectConfigurationManager - Imported and configured 1 project(s) in 5 sec
2017-02-26 12:03:28,288 [Worker-35] INFO  o.e.m.c.i.embedder.EclipseLogger - Using 'UTF-8' encoding to copy filtered resources.
2017-02-26 12:03:28,295 [Worker-35] INFO  o.e.m.c.i.embedder.EclipseLogger - skip non existing resourceDirectory H:\gitcode\neno_workspace\m2liudong-demo\src\main\resources
2017-02-26 12:03:28,306 [Worker-35] INFO  o.e.m.c.i.embedder.EclipseLogger - Using 'UTF-8' encoding to copy filtered resources.
2017-02-26 12:03:28,306 [Worker-35] INFO  o.e.m.c.i.embedder.EclipseLogger - skip non existing resourceDirectory H:\gitcode\neno_workspace\m2liudong-demo\src\test\resources
2017-02-26 12:04:10,300 [Worker-35] INFO  o.e.m.c.i.embedder.EclipseLogger - Using 'UTF-8' encoding to copy filtered resources.
2017-02-26 12:04:10,301 [Worker-35] INFO  o.e.m.c.i.embedder.EclipseLogger - skip non existing resourceDirectory H:\gitcode\neno_workspace\m2liudong-demo\src\main\resources
2017-02-26 12:04:10,305 [Worker-35] INFO  o.e.m.c.i.embedder.EclipseLogger - Using 'UTF-8' encoding to copy filtered resources.
2017-02-26 12:04:10,305 [Worker-35] INFO  o.e.m.c.i.embedder.EclipseLogger - skip non existing resourceDirectory H:\gitcode\neno_workspace\m2liudong-demo\src\test\resources
2017-02-26 12:04:21,482 [main] INFO  o.e.m2e.actions.ExecutePomAction - Creating new launch configuration
2017-02-26 12:04:53,929 [Worker-30] INFO  o.e.m.i.launch.MavenLaunchDelegate - H:\gitcode\neno_workspace\m2liudong-demo
2017-02-26 12:04:53,935 [Worker-30] INFO  o.e.m.i.launch.MavenLaunchDelegate -  mvn -B -s H:\soft\maven\repo\settings.xml compile
2017-02-26 12:06:46,927 [Worker-33] INFO  o.e.m.c.i.embedder.EclipseLogger - Using 'UTF-8' encoding to copy filtered resources.
2017-02-26 12:06:46,927 [Worker-33] INFO  o.e.m.c.i.embedder.EclipseLogger - skip non existing resourceDirectory H:\gitcode\neno_workspace\m2liudong-demo\src\main\resources
2017-02-26 12:06:46,930 [Worker-33] INFO  o.e.m.c.i.embedder.EclipseLogger - Using 'UTF-8' encoding to copy filtered resources.
2017-02-26 12:06:46,930 [Worker-33] INFO  o.e.m.c.i.embedder.EclipseLogger - skip non existing resourceDirectory H:\gitcode\neno_workspace\m2liudong-demo\src\test\resources
2017-02-26 12:06:54,119 [main] INFO  o.e.m2e.actions.ExecutePomAction - Using existing launch configuration
2017-02-26 12:06:54,417 [Worker-38] INFO  o.e.m.i.launch.MavenLaunchDelegate - H:\gitcode\neno_workspace\m2liudong-demo
2017-02-26 12:06:54,417 [Worker-38] INFO  o.e.m.i.launch.MavenLaunchDelegate -  mvn -B -s H:\soft\maven\repo\settings.xml compile
2017-02-26 12:07:15,058 [Worker-33] INFO  o.e.m.i.launch.MavenLaunchDelegate - H:\gitcode\neno_workspace\m2liudong-demo
2017-02-26 12:07:15,060 [Worker-33] INFO  o.e.m.i.launch.MavenLaunchDelegate -  mvn -B -s H:\soft\maven\repo\settings.xml test
2017-02-26 12:07:32,869 [Worker-38] INFO  o.e.m.c.i.embedder.EclipseLogger - Using 'UTF-8' encoding to copy filtered resources.
2017-02-26 12:07:32,870 [Worker-38] INFO  o.e.m.c.i.embedder.EclipseLogger - skip non existing resourceDirectory H:\gitcode\neno_workspace\m2liudong-demo\src\main\resources
2017-02-26 12:07:32,874 [Worker-38] INFO  o.e.m.c.i.embedder.EclipseLogger - Using 'UTF-8' encoding to copy filtered resources.
2017-02-26 12:07:32,874 [Worker-38] INFO  o.e.m.c.i.embedder.EclipseLogger - skip non existing resourceDirectory H:\gitcode\neno_workspace\m2liudong-demo\src\test\resources
2017-02-26 12:07:52,057 [main] INFO  o.e.m2e.actions.ExecutePomAction - Creating new launch configuration
2017-02-26 12:08:09,120 [Worker-38] INFO  o.e.m.i.launch.MavenLaunchDelegate - H:\gitcode\neno_workspace\m2liudong-demo
2017-02-26 12:08:09,121 [Worker-38] INFO  o.e.m.i.launch.MavenLaunchDelegate -  mvn -B -s H:\soft\maven\repo\settings.xml package
2017-02-26 12:22:17,762 [main] INFO  o.e.m2e.actions.ExecutePomAction - Creating new launch configuration
2017-02-26 12:22:22,316 [Worker-42] INFO  o.e.m.c.i.e.AbstractTransferListenerAdapter - Downloaded https://repo.maven.apache.org/maven2/org/apache/maven/plugins/maven-source-plugin/2.4/maven-source-plugin-2.4.jar
2017-02-26 12:22:23,339 [Worker-42] INFO  o.e.m.c.i.l.LifecycleMappingFactory - Using org.eclipse.m2e.jdt.JarLifecycleMapping lifecycle mapping for MavenProject: com.primeton.m2liudong:m2liudong-demo:0.0.1-SNAPSHOT @ H:\gitcode\neno_workspace\m2liudong-demo\pom.xml.
2017-02-26 12:22:23,825 [Worker-42] INFO  o.e.m.c.i.embedder.EclipseLogger - Using 'UTF-8' encoding to copy filtered resources.
2017-02-26 12:22:23,826 [Worker-42] INFO  o.e.m.c.i.embedder.EclipseLogger - skip non existing resourceDirectory H:\gitcode\neno_workspace\m2liudong-demo\src\main\resources
2017-02-26 12:22:23,831 [Worker-42] INFO  o.e.m.c.i.embedder.EclipseLogger - Using 'UTF-8' encoding to copy filtered resources.
2017-02-26 12:22:23,831 [Worker-42] INFO  o.e.m.c.i.embedder.EclipseLogger - skip non existing resourceDirectory H:\gitcode\neno_workspace\m2liudong-demo\src\test\resources
2017-02-26 12:22:25,559 [Worker-42] INFO  o.e.m.c.i.e.AbstractTransferListenerAdapter - Downloading https://repo.maven.apache.org/maven2/org/apache/maven/plugins/maven-source-plugin/2.4/maven-source-plugin-2.4.pom
2017-02-26 12:22:25,927 [Worker-42] INFO  o.e.m.c.i.e.AbstractTransferListenerAdapter - Downloaded https://repo.maven.apache.org/maven2/org/apache/maven/plugins/maven-source-plugin/2.4/maven-source-plugin-2.4.pom
2017-02-26 12:22:26,227 [Worker-42] INFO  o.e.m.c.i.e.AbstractTransferListenerAdapter - Downloading https://repo.maven.apache.org/maven2/org/apache/maven/plugins/maven-plugins/25/maven-plugins-25.pom
2017-02-26 12:22:26,922 [Worker-42] INFO  o.e.m.c.i.e.AbstractTransferListenerAdapter - Downloaded https://repo.maven.apache.org/maven2/org/apache/maven/plugins/maven-plugins/25/maven-plugins-25.pom
2017-02-26 12:22:28,811 [Worker-33] INFO  o.e.m.i.launch.MavenLaunchDelegate - H:\gitcode\neno_workspace\m2liudong-demo
2017-02-26 12:22:28,811 [Worker-33] INFO  o.e.m.i.launch.MavenLaunchDelegate -  mvn -B -s H:\soft\maven\repo\settings.xml clean package
2017-02-26 18:48:52,140 [Worker-6] INFO  o.e.m.i.launch.MavenLaunchDelegate - H:\gitcode\neno_workspace\m2liudong-demo
2017-02-26 18:48:52,161 [Worker-6] INFO  o.e.m.i.launch.MavenLaunchDelegate -  mvn -B -s H:\soft\maven\repo\settings.xml compile
2017-02-26 18:50:28,021 [Worker-18] INFO  o.e.m.c.i.l.LifecycleMappingFactory - Using org.eclipse.m2e.jdt.JarLifecycleMapping lifecycle mapping for MavenProject: com.primeton.m2liudong:m2liudong-demo:0.0.1-SNAPSHOT @ H:\gitcode\neno_workspace\m2liudong-demo\pom.xml.
2017-02-26 18:50:28,587 [Worker-18] INFO  o.e.m.c.i.embedder.EclipseLogger - Using 'UTF-8' encoding to copy filtered resources.
2017-02-26 18:50:28,588 [Worker-18] INFO  o.e.m.c.i.embedder.EclipseLogger - skip non existing resourceDirectory H:\gitcode\neno_workspace\m2liudong-demo\src\main\resources
2017-02-26 18:50:28,591 [Worker-18] INFO  o.e.m.c.i.embedder.EclipseLogger - Using 'UTF-8' encoding to copy filtered resources.
2017-02-26 18:50:28,591 [Worker-18] INFO  o.e.m.c.i.embedder.EclipseLogger - skip non existing resourceDirectory H:\gitcode\neno_workspace\m2liudong-demo\src\test\resources
2017-02-26 18:50:31,420 [Worker-1] INFO  o.e.m.c.i.p.ProjectConfigurationManager - Update started
2017-02-26 18:50:32,444 [Worker-1] INFO  o.e.m.c.i.l.LifecycleMappingFactory - Using org.eclipse.m2e.jdt.JarLifecycleMapping lifecycle mapping for MavenProject: com.primeton.m2liudong:m2liudong-demo:0.0.1-SNAPSHOT @ H:\gitcode\neno_workspace\m2liudong-demo\pom.xml.
2017-02-26 18:50:33,197 [Worker-1] INFO  o.e.m.j.i.AbstractJavaProjectConfigurator - Adding source folder /m2liudong-demo/src/main/java
2017-02-26 18:50:33,200 [Worker-1] INFO  o.e.m.j.i.AbstractJavaProjectConfigurator - Adding source folder /m2liudong-demo/src/test/java
2017-02-26 18:50:33,640 [Worker-1] INFO  o.e.m.c.i.p.ProjectConfigurationManager - Update completed: 2 sec
2017-02-26 18:50:34,132 [Worker-2] INFO  o.e.m.c.i.embedder.EclipseLogger - Using 'UTF-8' encoding to copy filtered resources.
2017-02-26 18:50:34,132 [Worker-2] INFO  o.e.m.c.i.embedder.EclipseLogger - skip non existing resourceDirectory H:\gitcode\neno_workspace\m2liudong-demo\src\main\resources
2017-02-26 18:50:34,136 [Worker-2] INFO  o.e.m.c.i.embedder.EclipseLogger - Using 'UTF-8' encoding to copy filtered resources.
2017-02-26 18:50:34,136 [Worker-2] INFO  o.e.m.c.i.embedder.EclipseLogger - skip non existing resourceDirectory H:\gitcode\neno_workspace\m2liudong-demo\src\test\resources
2017-02-26 19:19:59,848 [Worker-27] INFO  o.e.m.c.i.p.ProjectConfigurationManager - Collecting project info '/pom.xml' H:\gitcode\m2liudong-demo2\pom.xml
2017-02-26 19:20:00,108 [Worker-27] INFO  o.e.m.c.i.l.LifecycleMappingFactory - Using org.eclipse.m2e.jdt.JarLifecycleMapping lifecycle mapping for MavenProject: com.primeton.m2liudong:m2liudong-demo2:0.0.1-SNAPSHOT @ H:\gitcode\m2liudong-demo2\pom.xml.
2017-02-26 19:20:00,308 [Worker-27] INFO  o.e.m.j.i.AbstractJavaProjectConfigurator - Adding source folder /m2liudong-demo2/src/main/java
2017-02-26 19:20:00,315 [Worker-27] INFO  o.e.m.j.i.AbstractJavaProjectConfigurator - Adding source folder /m2liudong-demo2/src/test/java
2017-02-26 19:20:00,454 [Worker-27] INFO  o.e.m.c.i.p.ProjectConfigurationManager - Imported and configured 1 project(s) in 0 sec
2017-02-26 19:20:00,987 [Worker-27] INFO  o.e.m.c.i.embedder.EclipseLogger - Using 'UTF-8' encoding to copy filtered resources.
2017-02-26 19:20:00,988 [Worker-27] INFO  o.e.m.c.i.embedder.EclipseLogger - skip non existing resourceDirectory H:\gitcode\m2liudong-demo2\src\main\resources
2017-02-26 19:20:00,991 [Worker-27] INFO  o.e.m.c.i.embedder.EclipseLogger - Using 'UTF-8' encoding to copy filtered resources.
2017-02-26 19:20:00,992 [Worker-27] INFO  o.e.m.c.i.embedder.EclipseLogger - skip non existing resourceDirectory H:\gitcode\m2liudong-demo2\src\test\resources
2017-02-26 19:20:49,017 [Worker-28] INFO  o.e.m.c.i.p.ProjectConfigurationManager - Collecting project info '/pom.xml' H:\gitcode\m2liudong-demo3\pom.xml
2017-02-26 19:20:49,205 [Worker-28] INFO  o.e.m.c.i.l.LifecycleMappingFactory - Using org.eclipse.m2e.jdt.JarLifecycleMapping lifecycle mapping for MavenProject: com.primeton.m2liudong:m2liudong-demo3:0.0.1-SNAPSHOT @ H:\gitcode\m2liudong-demo3\pom.xml.
2017-02-26 19:20:49,374 [Worker-28] INFO  o.e.m.j.i.AbstractJavaProjectConfigurator - Adding source folder /m2liudong-demo3/src/main/java
2017-02-26 19:20:49,383 [Worker-28] INFO  o.e.m.j.i.AbstractJavaProjectConfigurator - Adding source folder /m2liudong-demo3/src/test/java
2017-02-26 19:20:49,510 [Worker-28] INFO  o.e.m.c.i.p.ProjectConfigurationManager - Imported and configured 1 project(s) in 0 sec
2017-02-26 19:20:49,796 [Worker-27] INFO  o.e.m.c.i.embedder.EclipseLogger - Using 'UTF-8' encoding to copy filtered resources.
2017-02-26 19:20:49,797 [Worker-27] INFO  o.e.m.c.i.embedder.EclipseLogger - skip non existing resourceDirectory H:\gitcode\m2liudong-demo3\src\main\resources
2017-02-26 19:20:49,800 [Worker-27] INFO  o.e.m.c.i.embedder.EclipseLogger - Using 'UTF-8' encoding to copy filtered resources.
2017-02-26 19:20:49,800 [Worker-27] INFO  o.e.m.c.i.embedder.EclipseLogger - skip non existing resourceDirectory H:\gitcode\m2liudong-demo3\src\test\resources
2017-02-26 19:21:42,814 [Worker-24] INFO  o.e.m.c.i.p.ProjectConfigurationManager - Collecting project info '/pom.xml' H:\gitcode\m2liudong-demo4\pom.xml
2017-02-26 19:21:42,990 [Worker-24] INFO  o.e.m.c.i.l.LifecycleMappingFactory - Using org.eclipse.m2e.jdt.JarLifecycleMapping lifecycle mapping for MavenProject: com.primeton.m2liudong:m2liudong-demo4:0.0.1-SNAPSHOT @ H:\gitcode\m2liudong-demo4\pom.xml.
2017-02-26 19:21:43,343 [Worker-24] INFO  o.e.m.j.i.AbstractJavaProjectConfigurator - Adding source folder /m2liudong-demo4/src/main/java
2017-02-26 19:21:43,350 [Worker-24] INFO  o.e.m.j.i.AbstractJavaProjectConfigurator - Adding source folder /m2liudong-demo4/src/test/java
2017-02-26 19:21:43,468 [Worker-24] INFO  o.e.m.c.i.p.ProjectConfigurationManager - Imported and configured 1 project(s) in 0 sec
2017-02-26 19:21:43,799 [Worker-24] INFO  o.e.m.c.i.embedder.EclipseLogger - Using 'UTF-8' encoding to copy filtered resources.
2017-02-26 19:21:43,799 [Worker-24] INFO  o.e.m.c.i.embedder.EclipseLogger - skip non existing resourceDirectory H:\gitcode\m2liudong-demo4\src\main\resources
2017-02-26 19:21:43,802 [Worker-24] INFO  o.e.m.c.i.embedder.EclipseLogger - Using 'UTF-8' encoding to copy filtered resources.
2017-02-26 19:21:43,803 [Worker-24] INFO  o.e.m.c.i.embedder.EclipseLogger - skip non existing resourceDirectory H:\gitcode\m2liudong-demo4\src\test\resources
2017-02-26 19:23:54,876 [Worker-30] INFO  o.e.m.c.i.embedder.EclipseLogger - Using 'UTF-8' encoding to copy filtered resources.
2017-02-26 19:23:54,876 [Worker-30] INFO  o.e.m.c.i.embedder.EclipseLogger - skip non existing resourceDirectory H:\gitcode\m2liudong-demo4\src\main\resources
2017-02-26 19:23:54,879 [Worker-30] INFO  o.e.m.c.i.embedder.EclipseLogger - Using 'UTF-8' encoding to copy filtered resources.
2017-02-26 19:23:54,880 [Worker-30] INFO  o.e.m.c.i.embedder.EclipseLogger - skip non existing resourceDirectory H:\gitcode\m2liudong-demo4\src\test\resources
2017-02-26 19:24:16,480 [Worker-32] INFO  o.e.m.c.i.p.ProjectConfigurationManager - Update started
2017-02-26 19:24:17,504 [Worker-32] INFO  o.e.m.c.i.l.LifecycleMappingFactory - Using org.eclipse.m2e.jdt.JarLifecycleMapping lifecycle mapping for MavenProject: com.primeton.m2liudong:m2liudong-demo:0.0.1-SNAPSHOT @ H:\gitcode\neno_workspace\m2liudong-demo\pom.xml.
2017-02-26 19:24:17,556 [Worker-32] INFO  o.e.m.c.i.l.LifecycleMappingFactory - Using org.eclipse.m2e.jdt.JarLifecycleMapping lifecycle mapping for MavenProject: com.primeton.m2liudong:m2liudong-demo2:0.0.1-SNAPSHOT @ H:\gitcode\m2liudong-demo2\pom.xml.
2017-02-26 19:24:17,595 [Worker-32] INFO  o.e.m.c.i.l.LifecycleMappingFactory - Using org.eclipse.m2e.jdt.JarLifecycleMapping lifecycle mapping for MavenProject: com.primeton.m2liudong:m2liudong-demo3:0.0.1-SNAPSHOT @ H:\gitcode\m2liudong-demo3\pom.xml.
2017-02-26 19:24:17,634 [Worker-32] INFO  o.e.m.c.i.l.LifecycleMappingFactory - Using org.eclipse.m2e.jdt.JarLifecycleMapping lifecycle mapping for MavenProject: com.primeton.m2liudong:m2liudong-demo4:0.0.1-SNAPSHOT @ H:\gitcode\m2liudong-demo4\pom.xml.
2017-02-26 19:24:18,277 [Worker-32] INFO  o.e.m.j.i.AbstractJavaProjectConfigurator - Adding source folder /m2liudong-demo/src/main/java
2017-02-26 19:24:18,278 [Worker-32] INFO  o.e.m.j.i.AbstractJavaProjectConfigurator - Adding source folder /m2liudong-demo/src/test/java
2017-02-26 19:24:18,358 [Worker-32] INFO  o.e.m.j.i.AbstractJavaProjectConfigurator - Adding source folder /m2liudong-demo2/src/main/java
2017-02-26 19:24:18,359 [Worker-32] INFO  o.e.m.j.i.AbstractJavaProjectConfigurator - Adding source folder /m2liudong-demo2/src/test/java
2017-02-26 19:24:18,439 [Worker-32] INFO  o.e.m.j.i.AbstractJavaProjectConfigurator - Adding source folder /m2liudong-demo3/src/main/java
2017-02-26 19:24:18,440 [Worker-32] INFO  o.e.m.j.i.AbstractJavaProjectConfigurator - Adding source folder /m2liudong-demo3/src/test/java
2017-02-26 19:24:18,519 [Worker-32] INFO  o.e.m.j.i.AbstractJavaProjectConfigurator - Adding source folder /m2liudong-demo4/src/main/java
2017-02-26 19:24:18,520 [Worker-32] INFO  o.e.m.j.i.AbstractJavaProjectConfigurator - Adding source folder /m2liudong-demo4/src/test/java
2017-02-26 19:24:18,967 [Worker-32] INFO  o.e.m.c.i.p.ProjectConfigurationManager - Update completed: 2 sec
2017-02-26 19:24:19,366 [Worker-35] INFO  o.e.m.c.i.embedder.EclipseLogger - Using 'UTF-8' encoding to copy filtered resources.
2017-02-26 19:24:19,367 [Worker-35] INFO  o.e.m.c.i.embedder.EclipseLogger - skip non existing resourceDirectory H:\gitcode\neno_workspace\m2liudong-demo\src\main\resources
2017-02-26 19:24:19,371 [Worker-35] INFO  o.e.m.c.i.embedder.EclipseLogger - Using 'UTF-8' encoding to copy filtered resources.
2017-02-26 19:24:19,372 [Worker-35] INFO  o.e.m.c.i.embedder.EclipseLogger - skip non existing resourceDirectory H:\gitcode\neno_workspace\m2liudong-demo\src\test\resources
2017-02-26 19:24:19,784 [Worker-35] INFO  o.e.m.c.i.embedder.EclipseLogger - Using 'UTF-8' encoding to copy filtered resources.
2017-02-26 19:24:19,784 [Worker-35] INFO  o.e.m.c.i.embedder.EclipseLogger - skip non existing resourceDirectory H:\gitcode\m2liudong-demo2\src\main\resources
2017-02-26 19:24:19,788 [Worker-35] INFO  o.e.m.c.i.embedder.EclipseLogger - Using 'UTF-8' encoding to copy filtered resources.
2017-02-26 19:24:19,789 [Worker-35] INFO  o.e.m.c.i.embedder.EclipseLogger - skip non existing resourceDirectory H:\gitcode\m2liudong-demo2\src\test\resources
2017-02-26 19:24:19,873 [Worker-35] INFO  o.e.m.c.i.embedder.EclipseLogger - Using 'UTF-8' encoding to copy filtered resources.
2017-02-26 19:24:19,873 [Worker-35] INFO  o.e.m.c.i.embedder.EclipseLogger - skip non existing resourceDirectory H:\gitcode\m2liudong-demo3\src\main\resources
2017-02-26 19:24:19,875 [Worker-35] INFO  o.e.m.c.i.embedder.EclipseLogger - Using 'UTF-8' encoding to copy filtered resources.
2017-02-26 19:24:19,875 [Worker-35] INFO  o.e.m.c.i.embedder.EclipseLogger - skip non existing resourceDirectory H:\gitcode\m2liudong-demo3\src\test\resources
2017-02-26 19:24:19,955 [Worker-35] INFO  o.e.m.c.i.embedder.EclipseLogger - Using 'UTF-8' encoding to copy filtered resources.
2017-02-26 19:24:19,955 [Worker-35] INFO  o.e.m.c.i.embedder.EclipseLogger - skip non existing resourceDirectory H:\gitcode\m2liudong-demo4\src\main\resources
2017-02-26 19:24:19,957 [Worker-35] INFO  o.e.m.c.i.embedder.EclipseLogger - Using 'UTF-8' encoding to copy filtered resources.
2017-02-26 19:24:19,957 [Worker-35] INFO  o.e.m.c.i.embedder.EclipseLogger - skip non existing resourceDirectory H:\gitcode\m2liudong-demo4\src\test\resources
2017-02-26 19:28:14,862 [Worker-36] INFO  o.e.m.c.i.embedder.EclipseLogger - Using 'UTF-8' encoding to copy filtered resources.
2017-02-26 19:28:14,862 [Worker-36] INFO  o.e.m.c.i.embedder.EclipseLogger - skip non existing resourceDirectory H:\gitcode\m2liudong-demo4\src\main\resources
2017-02-26 19:28:14,872 [Worker-36] INFO  o.e.m.c.i.embedder.EclipseLogger - Using 'UTF-8' encoding to copy filtered resources.
2017-02-26 19:28:14,872 [Worker-36] INFO  o.e.m.c.i.embedder.EclipseLogger - skip non existing resourceDirectory H:\gitcode\m2liudong-demo4\src\test\resources
2017-02-26 19:28:23,131 [Worker-32] INFO  o.e.m.c.i.p.ProjectConfigurationManager - Update started
2017-02-26 19:28:23,922 [Worker-32] INFO  o.e.m.c.i.l.LifecycleMappingFactory - Using org.eclipse.m2e.jdt.JarLifecycleMapping lifecycle mapping for MavenProject: com.primeton.m2liudong:m2liudong-demo:0.0.1-SNAPSHOT @ H:\gitcode\neno_workspace\m2liudong-demo\pom.xml.
2017-02-26 19:28:23,971 [Worker-32] INFO  o.e.m.c.i.l.LifecycleMappingFactory - Using org.eclipse.m2e.jdt.JarLifecycleMapping lifecycle mapping for MavenProject: com.primeton.m2liudong:m2liudong-demo2:0.0.1-SNAPSHOT @ H:\gitcode\m2liudong-demo2\pom.xml.
2017-02-26 19:28:24,012 [Worker-32] INFO  o.e.m.c.i.l.LifecycleMappingFactory - Using org.eclipse.m2e.jdt.JarLifecycleMapping lifecycle mapping for MavenProject: com.primeton.m2liudong:m2liudong-demo3:0.0.1-SNAPSHOT @ H:\gitcode\m2liudong-demo3\pom.xml.
2017-02-26 19:28:24,050 [Worker-32] INFO  o.e.m.c.i.l.LifecycleMappingFactory - Using org.eclipse.m2e.jdt.JarLifecycleMapping lifecycle mapping for MavenProject: com.primeton.m2liudong:m2liudong-demo4:0.0.1-SNAPSHOT @ H:\gitcode\m2liudong-demo4\pom.xml.
2017-02-26 19:28:24,438 [Worker-32] INFO  o.e.m.j.i.AbstractJavaProjectConfigurator - Adding source folder /m2liudong-demo/src/main/java
2017-02-26 19:28:24,439 [Worker-32] INFO  o.e.m.j.i.AbstractJavaProjectConfigurator - Adding source folder /m2liudong-demo/src/test/java
2017-02-26 19:28:24,546 [Worker-32] INFO  o.e.m.j.i.AbstractJavaProjectConfigurator - Adding source folder /m2liudong-demo2/src/main/java
2017-02-26 19:28:24,547 [Worker-32] INFO  o.e.m.j.i.AbstractJavaProjectConfigurator - Adding source folder /m2liudong-demo2/src/test/java
2017-02-26 19:28:24,651 [Worker-32] INFO  o.e.m.j.i.AbstractJavaProjectConfigurator - Adding source folder /m2liudong-demo3/src/main/java
2017-02-26 19:28:24,652 [Worker-32] INFO  o.e.m.j.i.AbstractJavaProjectConfigurator - Adding source folder /m2liudong-demo3/src/test/java
2017-02-26 19:28:24,824 [Worker-32] INFO  o.e.m.j.i.AbstractJavaProjectConfigurator - Adding source folder /m2liudong-demo4/src/main/java
2017-02-26 19:28:24,825 [Worker-32] INFO  o.e.m.j.i.AbstractJavaProjectConfigurator - Adding source folder /m2liudong-demo4/src/test/java
2017-02-26 19:28:25,141 [Worker-32] INFO  o.e.m.c.i.p.ProjectConfigurationManager - Update completed: 2 sec
2017-02-26 19:28:25,527 [Worker-32] INFO  o.e.m.c.i.embedder.EclipseLogger - Using 'UTF-8' encoding to copy filtered resources.
2017-02-26 19:28:25,536 [Worker-32] INFO  o.e.m.c.i.embedder.EclipseLogger - skip non existing resourceDirectory H:\gitcode\neno_workspace\m2liudong-demo\src\main\resources
2017-02-26 19:28:25,540 [Worker-32] INFO  o.e.m.c.i.embedder.EclipseLogger - Using 'UTF-8' encoding to copy filtered resources.
2017-02-26 19:28:25,543 [Worker-32] INFO  o.e.m.c.i.embedder.EclipseLogger - skip non existing resourceDirectory H:\gitcode\neno_workspace\m2liudong-demo\src\test\resources
2017-02-26 19:28:25,992 [Worker-32] INFO  o.e.m.c.i.embedder.EclipseLogger - Using 'UTF-8' encoding to copy filtered resources.
2017-02-26 19:28:25,992 [Worker-32] INFO  o.e.m.c.i.embedder.EclipseLogger - skip non existing resourceDirectory H:\gitcode\m2liudong-demo2\src\main\resources
2017-02-26 19:28:25,994 [Worker-32] INFO  o.e.m.c.i.embedder.EclipseLogger - Using 'UTF-8' encoding to copy filtered resources.
2017-02-26 19:28:25,995 [Worker-32] INFO  o.e.m.c.i.embedder.EclipseLogger - skip non existing resourceDirectory H:\gitcode\m2liudong-demo2\src\test\resources
2017-02-26 19:28:26,071 [Worker-32] INFO  o.e.m.c.i.embedder.EclipseLogger - Using 'UTF-8' encoding to copy filtered resources.
2017-02-26 19:28:26,071 [Worker-32] INFO  o.e.m.c.i.embedder.EclipseLogger - skip non existing resourceDirectory H:\gitcode\m2liudong-demo3\src\main\resources
2017-02-26 19:28:26,073 [Worker-32] INFO  o.e.m.c.i.embedder.EclipseLogger - Using 'UTF-8' encoding to copy filtered resources.
2017-02-26 19:28:26,073 [Worker-32] INFO  o.e.m.c.i.embedder.EclipseLogger - skip non existing resourceDirectory H:\gitcode\m2liudong-demo3\src\test\resources
2017-02-26 19:28:26,141 [Worker-32] INFO  o.e.m.c.i.embedder.EclipseLogger - Using 'UTF-8' encoding to copy filtered resources.
2017-02-26 19:28:26,141 [Worker-32] INFO  o.e.m.c.i.embedder.EclipseLogger - skip non existing resourceDirectory H:\gitcode\m2liudong-demo4\src\main\resources
2017-02-26 19:28:26,143 [Worker-32] INFO  o.e.m.c.i.embedder.EclipseLogger - Using 'UTF-8' encoding to copy filtered resources.
2017-02-26 19:28:26,143 [Worker-32] INFO  o.e.m.c.i.embedder.EclipseLogger - skip non existing resourceDirectory H:\gitcode\m2liudong-demo4\src\test\resources
2017-02-26 19:29:44,637 [Worker-37] INFO  o.e.m.c.i.p.ProjectConfigurationManager - Collecting project info '/pom.xml' H:\gitcode\m2liudong-demo5\pom.xml
2017-02-26 19:29:44,755 [Worker-37] INFO  o.e.m.c.i.l.LifecycleMappingFactory - Using org.eclipse.m2e.jdt.JarLifecycleMapping lifecycle mapping for MavenProject: com.primeton.m2liudong:m2liudong-demo5:0.0.1-SNAPSHOT @ H:\gitcode\m2liudong-demo5\pom.xml.
2017-02-26 19:29:44,915 [Worker-37] INFO  o.e.m.j.i.AbstractJavaProjectConfigurator - Adding source folder /m2liudong-demo5/src/main/java
2017-02-26 19:29:44,921 [Worker-37] INFO  o.e.m.j.i.AbstractJavaProjectConfigurator - Adding source folder /m2liudong-demo5/src/test/java
2017-02-26 19:29:45,026 [Worker-37] INFO  o.e.m.c.i.p.ProjectConfigurationManager - Imported and configured 1 project(s) in 0 sec
2017-02-26 19:29:45,370 [Worker-33] INFO  o.e.m.c.i.embedder.EclipseLogger - Using 'UTF-8' encoding to copy filtered resources.
2017-02-26 19:29:45,370 [Worker-33] INFO  o.e.m.c.i.embedder.EclipseLogger - skip non existing resourceDirectory H:\gitcode\m2liudong-demo5\src\main\resources
2017-02-26 19:29:45,377 [Worker-33] INFO  o.e.m.c.i.embedder.EclipseLogger - Using 'UTF-8' encoding to copy filtered resources.
2017-02-26 19:29:45,378 [Worker-33] INFO  o.e.m.c.i.embedder.EclipseLogger - skip non existing resourceDirectory H:\gitcode\m2liudong-demo5\src\test\resources
2017-02-26 19:31:01,714 [Worker-32] INFO  o.e.m.c.i.l.LifecycleMappingFactory - Using org.eclipse.m2e.jdt.JarLifecycleMapping lifecycle mapping for MavenProject: com.primeton.m2liudong:m2liudong-demo5:0.0.1-SNAPSHOT @ H:\gitcode\m2liudong-demo5\pom.xml.
2017-02-26 19:31:04,903 [Worker-32] INFO  o.e.m.c.i.e.AbstractTransferListenerAdapter - Downloading https://repo.maven.apache.org/maven2/junit/junit/4.12/junit-4.12.pom
2017-02-26 19:31:07,068 [Worker-32] INFO  o.e.m.c.i.e.AbstractTransferListenerAdapter - Downloaded https://repo.maven.apache.org/maven2/junit/junit/4.12/junit-4.12.pom
2017-02-26 19:31:08,632 [Worker-32] INFO  o.e.m.c.i.e.AbstractTransferListenerAdapter - Downloading https://repo.maven.apache.org/maven2/org/hamcrest/hamcrest-core/1.3/hamcrest-core-1.3.pom
2017-02-26 19:31:08,914 [Worker-32] INFO  o.e.m.c.i.e.AbstractTransferListenerAdapter - Downloaded https://repo.maven.apache.org/maven2/org/hamcrest/hamcrest-core/1.3/hamcrest-core-1.3.pom
2017-02-26 19:31:09,239 [Worker-32] INFO  o.e.m.c.i.e.AbstractTransferListenerAdapter - Downloading https://repo.maven.apache.org/maven2/org/hamcrest/hamcrest-parent/1.3/hamcrest-parent-1.3.pom
2017-02-26 19:31:09,523 [Worker-32] INFO  o.e.m.c.i.e.AbstractTransferListenerAdapter - Downloaded https://repo.maven.apache.org/maven2/org/hamcrest/hamcrest-parent/1.3/hamcrest-parent-1.3.pom
2017-02-26 19:31:09,818 [Worker-32] INFO  o.e.m.c.i.e.AbstractTransferListenerAdapter - Downloading https://repo.maven.apache.org/maven2/junit/junit/4.12/junit-4.12.jar
2017-02-26 19:31:36,223 [main] INFO  o.e.m2e.actions.ExecutePomAction - Creating new launch configuration
2017-02-26 19:31:47,096 [main] INFO  o.e.m2e.actions.ExecutePomAction - Creating new launch configuration
2017-02-26 19:31:52,250 [Worker-32] INFO  o.e.m.c.i.e.AbstractTransferListenerAdapter - Downloaded https://repo.maven.apache.org/maven2/junit/junit/4.12/junit-4.12.jar
2017-02-26 19:31:52,529 [Worker-32] INFO  o.e.m.c.i.e.AbstractTransferListenerAdapter - Downloading https://repo.maven.apache.org/maven2/org/hamcrest/hamcrest-core/1.3/hamcrest-core-1.3.jar
2017-02-26 19:31:56,393 [Worker-32] INFO  o.e.m.c.i.e.AbstractTransferListenerAdapter - Downloaded https://repo.maven.apache.org/maven2/org/hamcrest/hamcrest-core/1.3/hamcrest-core-1.3.jar
2017-02-26 19:31:57,252 [Worker-32] INFO  o.e.m.c.i.embedder.EclipseLogger - Using 'UTF-8' encoding to copy filtered resources.
2017-02-26 19:31:57,252 [Worker-32] INFO  o.e.m.c.i.embedder.EclipseLogger - skip non existing resourceDirectory H:\gitcode\m2liudong-demo5\src\main\resources
2017-02-26 19:31:57,273 [Worker-32] INFO  o.e.m.c.i.embedder.EclipseLogger - Using 'UTF-8' encoding to copy filtered resources.
2017-02-26 19:31:57,273 [Worker-32] INFO  o.e.m.c.i.embedder.EclipseLogger - skip non existing resourceDirectory H:\gitcode\m2liudong-demo5\src\test\resources
2017-02-26 19:31:57,367 [Worker-38] INFO  o.e.m.i.launch.MavenLaunchDelegate - H:\gitcode\m2liudong-demo5
2017-02-26 19:31:57,367 [Worker-38] INFO  o.e.m.i.launch.MavenLaunchDelegate -  mvn -B -s H:\soft\maven\repo\settings.xml test
2017-02-26 19:31:58,464 [Worker-37] INFO  o.e.m.c.i.embedder.EclipseLogger - Using 'UTF-8' encoding to copy filtered resources.
2017-02-26 19:31:58,465 [Worker-37] INFO  o.e.m.c.i.embedder.EclipseLogger - skip non existing resourceDirectory H:\gitcode\neno_workspace\m2liudong-demo\src\main\resources
2017-02-26 19:31:58,471 [Worker-37] INFO  o.e.m.c.i.embedder.EclipseLogger - Using 'UTF-8' encoding to copy filtered resources.
2017-02-26 19:31:58,480 [Worker-37] INFO  o.e.m.c.i.embedder.EclipseLogger - skip non existing resourceDirectory H:\gitcode\neno_workspace\m2liudong-demo\src\test\resources
2017-02-26 19:31:58,502 [Worker-37] INFO  o.e.m.c.i.embedder.EclipseLogger - Using 'UTF-8' encoding to copy filtered resources.
2017-02-26 19:31:58,502 [Worker-37] INFO  o.e.m.c.i.embedder.EclipseLogger - skip non existing resourceDirectory H:\gitcode\m2liudong-demo2\src\main\resources
2017-02-26 19:31:58,507 [Worker-37] INFO  o.e.m.c.i.embedder.EclipseLogger - Using 'UTF-8' encoding to copy filtered resources.
2017-02-26 19:31:58,508 [Worker-37] INFO  o.e.m.c.i.embedder.EclipseLogger - skip non existing resourceDirectory H:\gitcode\m2liudong-demo2\src\test\resources
2017-02-26 19:31:58,866 [Worker-37] INFO  o.e.m.c.i.embedder.EclipseLogger - Using 'UTF-8' encoding to copy filtered resources.
2017-02-26 19:31:58,866 [Worker-37] INFO  o.e.m.c.i.embedder.EclipseLogger - skip non existing resourceDirectory H:\gitcode\m2liudong-demo5\src\main\resources
2017-02-26 19:31:58,869 [Worker-37] INFO  o.e.m.c.i.embedder.EclipseLogger - Using 'UTF-8' encoding to copy filtered resources.
2017-02-26 19:31:58,869 [Worker-37] INFO  o.e.m.c.i.embedder.EclipseLogger - skip non existing resourceDirectory H:\gitcode\m2liudong-demo5\src\test\resources
2017-02-26 20:09:28,148 [ModalContext] INFO  o.e.m.c.i.e.AbstractTransferListenerAdapter - Downloading https://repo.maven.apache.org/maven2/org/apache/maven/archetypes/maven-archetype-webapp/1.0/maven-archetype-webapp-1.0.jar
2017-02-26 20:09:29,584 [ModalContext] INFO  o.e.m.c.i.e.AbstractTransferListenerAdapter - Downloaded https://repo.maven.apache.org/maven2/org/apache/maven/archetypes/maven-archetype-webapp/1.0/maven-archetype-webapp-1.0.jar
2017-02-26 20:09:29,878 [ModalContext] INFO  o.e.m.c.i.e.AbstractTransferListenerAdapter - Downloading https://repo.maven.apache.org/maven2/org/apache/maven/archetypes/maven-archetype-webapp/1.0/maven-archetype-webapp-1.0.pom
2017-02-26 20:09:30,170 [ModalContext] INFO  o.e.m.c.i.e.AbstractTransferListenerAdapter - Downloaded https://repo.maven.apache.org/maven2/org/apache/maven/archetypes/maven-archetype-webapp/1.0/maven-archetype-webapp-1.0.pom
2017-02-26 20:09:58,339 [Worker-49] INFO  o.e.m.c.i.p.ProjectConfigurationManager - Collecting project info '/pom.xml' H:\gitcode\footmap-app\pom.xml
2017-02-26 20:10:00,056 [Worker-49] INFO  o.e.m.c.i.e.AbstractTransferListenerAdapter - Downloading https://repo.maven.apache.org/maven2/org/apache/maven/plugins/maven-war-plugin/2.2/maven-war-plugin-2.2.jar
2017-02-26 20:10:01,281 [Worker-49] INFO  o.e.m.c.i.e.AbstractTransferListenerAdapter - Downloaded https://repo.maven.apache.org/maven2/org/apache/maven/plugins/maven-war-plugin/2.2/maven-war-plugin-2.2.jar
2017-02-26 20:10:01,615 [Worker-49] INFO  o.e.m.c.i.l.LifecycleMappingFactory - Using org.maven.ide.eclipse.wtp.WarLifecycleMapping lifecycle mapping for MavenProject: com.primeton.footmap:footmap-app:0.0.1-SNAPSHOT @ H:\gitcode\footmap-app\pom.xml.
2017-02-26 20:10:03,186 [Worker-49] INFO  o.e.m.c.i.e.AbstractTransferListenerAdapter - Downloading https://repo.maven.apache.org/maven2/org/apache/maven/plugins/maven-war-plugin/2.2/maven-war-plugin-2.2.pom
2017-02-26 20:10:03,474 [Worker-49] INFO  o.e.m.c.i.e.AbstractTransferListenerAdapter - Downloaded https://repo.maven.apache.org/maven2/org/apache/maven/plugins/maven-war-plugin/2.2/maven-war-plugin-2.2.pom
2017-02-26 20:10:04,031 [Worker-49] INFO  o.e.m.c.i.e.AbstractTransferListenerAdapter - Downloading https://repo.maven.apache.org/maven2/com/thoughtworks/xstream/xstream/1.3.1/xstream-1.3.1.pom
2017-02-26 20:10:04,403 [Worker-49] INFO  o.e.m.c.i.e.AbstractTransferListenerAdapter - Downloaded https://repo.maven.apache.org/maven2/com/thoughtworks/xstream/xstream/1.3.1/xstream-1.3.1.pom
2017-02-26 20:10:04,696 [Worker-49] INFO  o.e.m.c.i.e.AbstractTransferListenerAdapter - Downloading https://repo.maven.apache.org/maven2/com/thoughtworks/xstream/xstream-parent/1.3.1/xstream-parent-1.3.1.pom
2017-02-26 20:10:05,932 [Worker-49] INFO  o.e.m.c.i.e.AbstractTransferListenerAdapter - Downloaded https://repo.maven.apache.org/maven2/com/thoughtworks/xstream/xstream-parent/1.3.1/xstream-parent-1.3.1.pom
2017-02-26 20:10:06,226 [Worker-49] INFO  o.e.m.c.i.e.AbstractTransferListenerAdapter - Downloading https://repo.maven.apache.org/maven2/xpp3/xpp3_min/1.1.4c/xpp3_min-1.1.4c.pom
2017-02-26 20:10:06,512 [Worker-49] INFO  o.e.m.c.i.e.AbstractTransferListenerAdapter - Downloaded https://repo.maven.apache.org/maven2/xpp3/xpp3_min/1.1.4c/xpp3_min-1.1.4c.pom
2017-02-26 20:10:07,155 [Worker-49] INFO  o.e.m.c.i.e.AbstractTransferListenerAdapter - Downloading https://repo.maven.apache.org/maven2/org/apache/maven/shared/maven-filtering/1.0-beta-2/maven-filtering-1.0-beta-2.pom
2017-02-26 20:10:07,471 [Worker-49] INFO  o.e.m.c.i.e.AbstractTransferListenerAdapter - Downloaded https://repo.maven.apache.org/maven2/org/apache/maven/shared/maven-filtering/1.0-beta-2/maven-filtering-1.0-beta-2.pom
2017-02-26 20:10:07,763 [Worker-49] INFO  o.e.m.c.i.e.AbstractTransferListenerAdapter - Downloading https://repo.maven.apache.org/maven2/org/apache/maven/shared/maven-shared-components/10/maven-shared-components-10.pom
2017-02-26 20:10:08,678 [Worker-49] INFO  o.e.m.c.i.e.AbstractTransferListenerAdapter - Downloaded https://repo.maven.apache.org/maven2/org/apache/maven/shared/maven-shared-components/10/maven-shared-components-10.pom
2017-02-26 20:10:09,028 [Worker-49] INFO  o.e.m.c.i.e.AbstractTransferListenerAdapter - Downloading https://repo.maven.apache.org/maven2/org/codehaus/plexus/plexus-utils/1.5.6/plexus-utils-1.5.6.pom
2017-02-26 20:10:09,593 [Worker-49] INFO  o.e.m.c.i.e.AbstractTransferListenerAdapter - Downloaded https://repo.maven.apache.org/maven2/org/codehaus/plexus/plexus-utils/1.5.6/plexus-utils-1.5.6.pom
2017-02-26 20:10:09,884 [Worker-49] INFO  o.e.m.c.i.e.AbstractTransferListenerAdapter - Downloading https://repo.maven.apache.org/maven2/org/codehaus/plexus/plexus/1.0.12/plexus-1.0.12.pom
2017-02-26 20:10:10,506 [Worker-49] INFO  o.e.m.c.i.e.AbstractTransferListenerAdapter - Downloaded https://repo.maven.apache.org/maven2/org/codehaus/plexus/plexus/1.0.12/plexus-1.0.12.pom
2017-02-26 20:10:10,807 [Worker-49] INFO  o.e.m.c.i.e.AbstractTransferListenerAdapter - Downloading https://repo.maven.apache.org/maven2/org/codehaus/plexus/plexus-interpolation/1.6/plexus-interpolation-1.6.pom
2017-02-26 20:10:11,101 [Worker-49] INFO  o.e.m.c.i.e.AbstractTransferListenerAdapter - Downloaded https://repo.maven.apache.org/maven2/org/codehaus/plexus/plexus-interpolation/1.6/plexus-interpolation-1.6.pom
2017-02-26 20:10:11,820 [Worker-49] INFO  o.e.m.c.i.e.AbstractTransferListenerAdapter - Downloading https://repo.maven.apache.org/maven2/com/thoughtworks/xstream/xstream/1.3.1/xstream-1.3.1.jar
2017-02-26 20:10:40,198 [Worker-49] INFO  o.e.m.c.i.e.AbstractTransferListenerAdapter - Downloaded https://repo.maven.apache.org/maven2/com/thoughtworks/xstream/xstream/1.3.1/xstream-1.3.1.jar
2017-02-26 20:10:40,483 [Worker-49] INFO  o.e.m.c.i.e.AbstractTransferListenerAdapter - Downloading https://repo.maven.apache.org/maven2/xpp3/xpp3_min/1.1.4c/xpp3_min-1.1.4c.jar
2017-02-26 20:10:41,982 [Worker-49] INFO  o.e.m.c.i.e.AbstractTransferListenerAdapter - Downloaded https://repo.maven.apache.org/maven2/xpp3/xpp3_min/1.1.4c/xpp3_min-1.1.4c.jar
2017-02-26 20:10:42,865 [Worker-49] INFO  o.e.m.c.i.e.AbstractTransferListenerAdapter - Downloading https://repo.maven.apache.org/maven2/org/apache/maven/shared/maven-filtering/1.0-beta-2/maven-filtering-1.0-beta-2.jar
2017-02-26 20:10:43,429 [Worker-49] INFO  o.e.m.c.i.e.AbstractTransferListenerAdapter - Downloaded https://repo.maven.apache.org/maven2/org/apache/maven/shared/maven-filtering/1.0-beta-2/maven-filtering-1.0-beta-2.jar
2017-02-26 20:10:45,023 [Worker-49] INFO  o.e.m.j.i.AbstractJavaProjectConfigurator - Adding source folder /footmap-app/src/main/java
2017-02-26 20:10:45,025 [Worker-49] INFO  o.e.m.j.i.AbstractJavaProjectConfigurator - Adding resource folder /footmap-app/src/main/resources
2017-02-26 20:10:45,042 [Worker-49] INFO  o.e.m.j.i.AbstractJavaProjectConfigurator - Adding source folder /footmap-app/src/test/java
2017-02-26 20:10:48,243 [Worker-49] INFO  o.e.m.c.i.p.ProjectConfigurationManager - Imported and configured 1 project(s) in 49 sec
2017-02-26 20:10:48,717 [Worker-52] WARN  o.e.m.c.i.embedder.EclipseLogger - Using platform encoding (GBK actually) to copy filtered resources, i.e. build is platform dependent!
2017-02-26 20:10:48,723 [Worker-52] INFO  o.e.m.c.i.embedder.EclipseLogger - Copying 0 resource
2017-02-26 20:10:48,726 [Worker-52] WARN  o.e.m.c.i.embedder.EclipseLogger - Using platform encoding (GBK actually) to copy filtered resources, i.e. build is platform dependent!
2017-02-26 20:10:48,728 [Worker-52] INFO  o.e.m.c.i.embedder.EclipseLogger - skip non existing resourceDirectory H:\gitcode\footmap-app\src\test\resources
2017-02-26 21:13:11,238 [Worker-67] INFO  o.e.m.c.i.l.LifecycleMappingFactory - Using org.maven.ide.eclipse.wtp.WarLifecycleMapping lifecycle mapping for MavenProject: com.primeton.footmap:footmap-app:0.0.1-SNAPSHOT @ H:\gitcode\footmap-app\pom.xml.
2017-02-26 21:13:13,007 [Worker-67] INFO  o.e.m.c.i.e.AbstractTransferListenerAdapter - Downloading https://repo.maven.apache.org/maven2/javax/servlet/javax.servlet-api/3.0.1/javax.servlet-api-3.0.1.pom
2017-02-26 21:13:13,292 [Worker-67] INFO  o.e.m.c.i.e.AbstractTransferListenerAdapter - Downloaded https://repo.maven.apache.org/maven2/javax/servlet/javax.servlet-api/3.0.1/javax.servlet-api-3.0.1.pom
2017-02-26 21:13:13,580 [Worker-67] INFO  o.e.m.c.i.e.AbstractTransferListenerAdapter - Downloading https://repo.maven.apache.org/maven2/net/java/jvnet-parent/1/jvnet-parent-1.pom
2017-02-26 21:13:14,225 [Worker-67] INFO  o.e.m.c.i.e.AbstractTransferListenerAdapter - Downloaded https://repo.maven.apache.org/maven2/net/java/jvnet-parent/1/jvnet-parent-1.pom
2017-02-26 21:13:15,104 [Worker-67] INFO  o.e.m.c.i.e.AbstractTransferListenerAdapter - Downloading https://repo.maven.apache.org/maven2/javax/servlet/javax.servlet-api/3.0.1/javax.servlet-api-3.0.1.jar
2017-02-26 21:13:19,959 [Worker-67] INFO  o.e.m.c.i.e.AbstractTransferListenerAdapter - Downloaded https://repo.maven.apache.org/maven2/javax/servlet/javax.servlet-api/3.0.1/javax.servlet-api-3.0.1.jar
2017-02-26 21:13:21,256 [Worker-67] WARN  o.e.m.c.i.embedder.EclipseLogger - Using platform encoding (GBK actually) to copy filtered resources, i.e. build is platform dependent!
2017-02-26 21:13:21,262 [Worker-67] INFO  o.e.m.c.i.embedder.EclipseLogger - Copying 0 resource
2017-02-26 21:13:21,264 [Worker-67] WARN  o.e.m.c.i.embedder.EclipseLogger - Using platform encoding (GBK actually) to copy filtered resources, i.e. build is platform dependent!
2017-02-26 21:13:21,265 [Worker-67] INFO  o.e.m.c.i.embedder.EclipseLogger - skip non existing resourceDirectory H:\gitcode\footmap-app\src\test\resources
2017-02-26 21:13:21,265 [Worker-67] INFO  o.e.m.w.i.f.ResourceFilteringBuildParticipant - Changed resources require a complete clean of filtered resources of footmap-app
2017-02-26 21:13:21,267 [Worker-67] INFO  o.e.m.w.i.f.ResourceFilteringBuildParticipant - Executing resource filtering for footmap-app
2017-02-26 21:13:21,278 [Worker-67] WARN  o.e.m.c.i.embedder.EclipseLogger - Using platform encoding (GBK actually) to copy filtered resources, i.e. build is platform dependent!
2017-02-26 21:13:21,328 [Worker-71] INFO  o.e.m.c.i.p.ProjectConfigurationManager - Update started
2017-02-26 21:13:21,417 [Worker-71] INFO  o.e.m.c.i.l.LifecycleMappingFactory - Using org.maven.ide.eclipse.wtp.WarLifecycleMapping lifecycle mapping for MavenProject: com.primeton.footmap:footmap-app:0.0.1-SNAPSHOT @ H:\gitcode\footmap-app\pom.xml.
2017-02-26 21:13:22,136 [Worker-71] INFO  o.e.m.j.i.AbstractJavaProjectConfigurator - Adding source folder /footmap-app/src/main/java
2017-02-26 21:13:22,136 [Worker-71] INFO  o.e.m.j.i.AbstractJavaProjectConfigurator - Adding resource folder /footmap-app/src/main/resources
2017-02-26 21:13:22,137 [Worker-71] INFO  o.e.m.j.i.AbstractJavaProjectConfigurator - Adding source folder /footmap-app/src/test/java
2017-02-26 21:13:23,670 [Worker-71] INFO  o.e.m.w.i.f.ResourceFilteringBuildParticipant - Cleaning filtered folder for footmap-app
2017-02-26 21:13:23,680 [Worker-71] INFO  o.e.m.c.i.p.ProjectConfigurationManager - Update completed: 2 sec
2017-02-26 21:13:24,100 [Worker-67] WARN  o.e.m.c.i.embedder.EclipseLogger - Using platform encoding (GBK actually) to copy filtered resources, i.e. build is platform dependent!
2017-02-26 21:13:24,102 [Worker-67] INFO  o.e.m.c.i.embedder.EclipseLogger - Copying 0 resource
2017-02-26 21:13:24,106 [Worker-67] WARN  o.e.m.c.i.embedder.EclipseLogger - Using platform encoding (GBK actually) to copy filtered resources, i.e. build is platform dependent!
2017-02-26 21:13:24,107 [Worker-67] INFO  o.e.m.c.i.embedder.EclipseLogger - skip non existing resourceDirectory H:\gitcode\footmap-app\src\test\resources
2017-02-26 21:13:24,108 [Worker-67] INFO  o.e.m.w.i.f.ResourceFilteringBuildParticipant - Changed resources require a complete clean of filtered resources of footmap-app
2017-02-26 21:13:24,108 [Worker-67] INFO  o.e.m.w.i.f.ResourceFilteringBuildParticipant - Executing resource filtering for footmap-app
2017-02-26 21:13:24,116 [Worker-67] WARN  o.e.m.c.i.embedder.EclipseLogger - Using platform encoding (GBK actually) to copy filtered resources, i.e. build is platform dependent!
2017-02-26 21:14:16,401 [Worker-72] INFO  o.e.m.c.i.l.LifecycleMappingFactory - Using org.maven.ide.eclipse.wtp.WarLifecycleMapping lifecycle mapping for MavenProject: com.primeton.footmap:footmap-app:0.0.1-SNAPSHOT @ H:\gitcode\footmap-app\pom.xml.
2017-02-26 21:14:17,227 [Worker-72] WARN  o.e.m.c.i.embedder.EclipseLogger - Using platform encoding (GBK actually) to copy filtered resources, i.e. build is platform dependent!
2017-02-26 21:14:17,228 [Worker-72] INFO  o.e.m.c.i.embedder.EclipseLogger - Copying 0 resource
2017-02-26 21:14:17,230 [Worker-72] WARN  o.e.m.c.i.embedder.EclipseLogger - Using platform encoding (GBK actually) to copy filtered resources, i.e. build is platform dependent!
2017-02-26 21:14:17,231 [Worker-72] INFO  o.e.m.c.i.embedder.EclipseLogger - skip non existing resourceDirectory H:\gitcode\footmap-app\src\test\resources
2017-02-26 21:14:17,232 [Worker-72] INFO  o.e.m.w.i.f.ResourceFilteringBuildParticipant - Changed resources require a complete clean of filtered resources of footmap-app
2017-02-26 21:14:17,232 [Worker-72] INFO  o.e.m.w.i.f.ResourceFilteringBuildParticipant - Executing resource filtering for footmap-app
2017-02-26 21:14:17,238 [Worker-72] WARN  o.e.m.c.i.embedder.EclipseLogger - Using platform encoding (GBK actually) to copy filtered resources, i.e. build is platform dependent!
2017-02-26 21:14:18,489 [Worker-75] WARN  o.e.m.c.i.embedder.EclipseLogger - Using platform encoding (GBK actually) to copy filtered resources, i.e. build is platform dependent!
2017-02-26 21:14:18,491 [Worker-75] INFO  o.e.m.c.i.embedder.EclipseLogger - Copying 0 resource
2017-02-26 21:14:18,493 [Worker-75] WARN  o.e.m.c.i.embedder.EclipseLogger - Using platform encoding (GBK actually) to copy filtered resources, i.e. build is platform dependent!
2017-02-26 21:14:18,494 [Worker-75] INFO  o.e.m.c.i.embedder.EclipseLogger - skip non existing resourceDirectory H:\gitcode\footmap-app\src\test\resources
2017-02-26 21:17:03,493 [Worker-67] INFO  o.e.m.c.i.l.LifecycleMappingFactory - Using org.maven.ide.eclipse.wtp.WarLifecycleMapping lifecycle mapping for MavenProject: com.primeton.footmap:footmap-app:0.0.1-SNAPSHOT @ H:\gitcode\footmap-app\pom.xml.
2017-02-26 21:17:04,547 [Worker-67] WARN  o.e.m.c.i.embedder.EclipseLogger - Using platform encoding (GBK actually) to copy filtered resources, i.e. build is platform dependent!
2017-02-26 21:17:04,548 [Worker-67] INFO  o.e.m.c.i.embedder.EclipseLogger - Copying 0 resource
2017-02-26 21:17:04,550 [Worker-67] WARN  o.e.m.c.i.embedder.EclipseLogger - Using platform encoding (GBK actually) to copy filtered resources, i.e. build is platform dependent!
2017-02-26 21:17:04,552 [Worker-67] INFO  o.e.m.c.i.embedder.EclipseLogger - skip non existing resourceDirectory H:\gitcode\footmap-app\src\test\resources
2017-02-26 21:17:04,552 [Worker-67] INFO  o.e.m.w.i.f.ResourceFilteringBuildParticipant - Changed resources require a complete clean of filtered resources of footmap-app
2017-02-26 21:17:04,552 [Worker-67] INFO  o.e.m.w.i.f.ResourceFilteringBuildParticipant - Executing resource filtering for footmap-app
2017-02-26 21:17:04,560 [Worker-67] WARN  o.e.m.c.i.embedder.EclipseLogger - Using platform encoding (GBK actually) to copy filtered resources, i.e. build is platform dependent!
2017-02-26 21:17:05,864 [Worker-67] WARN  o.e.m.c.i.embedder.EclipseLogger - Using platform encoding (GBK actually) to copy filtered resources, i.e. build is platform dependent!
2017-02-26 21:17:05,867 [Worker-67] INFO  o.e.m.c.i.embedder.EclipseLogger - Copying 0 resource
2017-02-26 21:17:05,952 [Worker-67] WARN  o.e.m.c.i.embedder.EclipseLogger - Using platform encoding (GBK actually) to copy filtered resources, i.e. build is platform dependent!
2017-02-26 21:17:05,955 [Worker-67] INFO  o.e.m.c.i.embedder.EclipseLogger - skip non existing resourceDirectory H:\gitcode\footmap-app\src\test\resources
2017-02-26 21:20:56,588 [Worker-67] WARN  o.e.m.c.i.embedder.EclipseLogger - Using platform encoding (GBK actually) to copy filtered resources, i.e. build is platform dependent!
2017-02-26 21:20:56,593 [Worker-67] INFO  o.e.m.c.i.embedder.EclipseLogger - Copying 0 resource
2017-02-26 21:20:56,595 [Worker-67] WARN  o.e.m.c.i.embedder.EclipseLogger - Using platform encoding (GBK actually) to copy filtered resources, i.e. build is platform dependent!
2017-02-26 21:20:56,597 [Worker-67] INFO  o.e.m.c.i.embedder.EclipseLogger - skip non existing resourceDirectory H:\gitcode\footmap-app\src\test\resources
2017-02-26 21:21:08,876 [Worker-79] WARN  o.e.m.c.i.embedder.EclipseLogger - Using platform encoding (GBK actually) to copy filtered resources, i.e. build is platform dependent!
2017-02-26 21:21:08,877 [Worker-79] INFO  o.e.m.c.i.embedder.EclipseLogger - Copying 0 resource
2017-02-26 21:21:08,879 [Worker-79] WARN  o.e.m.c.i.embedder.EclipseLogger - Using platform encoding (GBK actually) to copy filtered resources, i.e. build is platform dependent!
2017-02-26 21:21:08,881 [Worker-79] INFO  o.e.m.c.i.embedder.EclipseLogger - skip non existing resourceDirectory H:\gitcode\footmap-app\src\test\resources
2017-02-26 21:21:14,780 [Worker-79] WARN  o.e.m.c.i.embedder.EclipseLogger - Using platform encoding (GBK actually) to copy filtered resources, i.e. build is platform dependent!
2017-02-26 21:21:14,789 [Worker-79] INFO  o.e.m.c.i.embedder.EclipseLogger - Copying 0 resource
2017-02-26 21:21:14,791 [Worker-79] WARN  o.e.m.c.i.embedder.EclipseLogger - Using platform encoding (GBK actually) to copy filtered resources, i.e. build is platform dependent!
2017-02-26 21:21:14,793 [Worker-79] INFO  o.e.m.c.i.embedder.EclipseLogger - skip non existing resourceDirectory H:\gitcode\footmap-app\src\test\resources
2017-02-26 21:23:20,752 [Worker-80] WARN  o.e.m.c.i.embedder.EclipseLogger - Using platform encoding (GBK actually) to copy filtered resources, i.e. build is platform dependent!
2017-02-26 21:23:20,754 [Worker-80] INFO  o.e.m.c.i.embedder.EclipseLogger - Copying 0 resource
2017-02-26 21:23:20,756 [Worker-80] WARN  o.e.m.c.i.embedder.EclipseLogger - Using platform encoding (GBK actually) to copy filtered resources, i.e. build is platform dependent!
2017-02-26 21:23:20,761 [Worker-80] INFO  o.e.m.c.i.embedder.EclipseLogger - Copying 0 resource
2017-02-26 21:24:32,016 [Worker-80] INFO  o.e.m.c.i.p.ProjectConfigurationManager - Update started
2017-02-26 21:24:32,092 [Worker-80] INFO  o.e.m.c.i.l.LifecycleMappingFactory - Using org.maven.ide.eclipse.wtp.WarLifecycleMapping lifecycle mapping for MavenProject: com.primeton.footmap:footmap-app:0.0.1-SNAPSHOT @ H:\gitcode\footmap-app\pom.xml.
2017-02-26 21:24:32,906 [Worker-80] INFO  o.e.m.j.i.AbstractJavaProjectConfigurator - Adding source folder /footmap-app/src/main/java
2017-02-26 21:24:32,906 [Worker-80] INFO  o.e.m.j.i.AbstractJavaProjectConfigurator - Adding resource folder /footmap-app/src/main/resources
2017-02-26 21:24:32,908 [Worker-80] INFO  o.e.m.j.i.AbstractJavaProjectConfigurator - Adding source folder /footmap-app/src/test/java
2017-02-26 21:24:32,908 [Worker-80] INFO  o.e.m.j.i.AbstractJavaProjectConfigurator - Adding resource folder /footmap-app/src/test/resources
2017-02-26 21:24:34,534 [Worker-80] INFO  o.e.m.w.i.f.ResourceFilteringBuildParticipant - Cleaning filtered folder for footmap-app
2017-02-26 21:24:34,546 [Worker-80] INFO  o.e.m.c.i.p.ProjectConfigurationManager - Update completed: 2 sec
2017-02-26 21:24:34,996 [Worker-83] WARN  o.e.m.c.i.embedder.EclipseLogger - Using platform encoding (GBK actually) to copy filtered resources, i.e. build is platform dependent!
2017-02-26 21:24:34,998 [Worker-83] INFO  o.e.m.c.i.embedder.EclipseLogger - Copying 0 resource
2017-02-26 21:24:35,001 [Worker-83] WARN  o.e.m.c.i.embedder.EclipseLogger - Using platform encoding (GBK actually) to copy filtered resources, i.e. build is platform dependent!
2017-02-26 21:24:35,004 [Worker-83] INFO  o.e.m.c.i.embedder.EclipseLogger - Copying 0 resource
2017-02-26 21:24:35,006 [Worker-83] INFO  o.e.m.w.i.f.ResourceFilteringBuildParticipant - Changed resources require a complete clean of filtered resources of footmap-app
2017-02-26 21:24:35,007 [Worker-83] INFO  o.e.m.w.i.f.ResourceFilteringBuildParticipant - Executing resource filtering for footmap-app
2017-02-26 21:24:35,015 [Worker-83] WARN  o.e.m.c.i.embedder.EclipseLogger - Using platform encoding (GBK actually) to copy filtered resources, i.e. build is platform dependent!
2017-02-26 21:28:24,173 [Worker-82] WARN  o.e.m.c.i.embedder.EclipseLogger - Using platform encoding (GBK actually) to copy filtered resources, i.e. build is platform dependent!
2017-02-26 21:28:24,175 [Worker-82] INFO  o.e.m.c.i.embedder.EclipseLogger - Copying 0 resource
2017-02-26 21:28:24,177 [Worker-82] WARN  o.e.m.c.i.embedder.EclipseLogger - Using platform encoding (GBK actually) to copy filtered resources, i.e. build is platform dependent!
2017-02-26 21:28:24,179 [Worker-82] INFO  o.e.m.c.i.embedder.EclipseLogger - Copying 0 resource
2017-02-27 09:21:50,790 [Worker-4] WARN  o.e.m.c.i.embedder.EclipseLogger - Using platform encoding (GBK actually) to copy filtered resources, i.e. build is platform dependent!
2017-02-27 09:21:50,841 [Worker-4] INFO  o.e.m.c.i.embedder.EclipseLogger - Copying 0 resource
2017-02-27 09:21:50,851 [Worker-4] WARN  o.e.m.c.i.embedder.EclipseLogger - Using platform encoding (GBK actually) to copy filtered resources, i.e. build is platform dependent!
2017-02-27 09:21:50,856 [Worker-4] INFO  o.e.m.c.i.embedder.EclipseLogger - Copying 0 resource
2017-02-27 09:34:57,908 [main] INFO  o.e.m.c.i.l.LifecycleMappingFactory - Using org.eclipse.m2e.jdt.JarLifecycleMapping lifecycle mapping for MavenProject: com.primeton.m2liudong:m2liudong-demo:0.0.1-SNAPSHOT @ H:\gitcode\neno_workspace\m2liudong-demo\pom.xml.
2017-02-28 14:03:09,993 [Worker-8] WARN  o.e.m.c.i.embedder.EclipseLogger - Using platform encoding (GBK actually) to copy filtered resources, i.e. build is platform dependent!
2017-02-28 14:03:10,110 [Worker-8] INFO  o.e.m.c.i.embedder.EclipseLogger - Copying 0 resource
2017-02-28 14:03:10,114 [Worker-8] WARN  o.e.m.c.i.embedder.EclipseLogger - Using platform encoding (GBK actually) to copy filtered resources, i.e. build is platform dependent!
2017-02-28 14:03:10,115 [Worker-8] INFO  o.e.m.c.i.embedder.EclipseLogger - Copying 0 resource
2017-02-28 14:05:21,279 [main] INFO  o.e.m2e.actions.ExecutePomAction - Creating new launch configuration
2017-02-28 14:05:39,882 [Worker-8] INFO  o.e.m.i.launch.MavenLaunchDelegate - H:\gitcode\footmap-app
2017-02-28 14:05:39,884 [Worker-8] INFO  o.e.m.i.launch.MavenLaunchDelegate -  mvn -B -s H:\soft\maven\repo\settings.xml clean package
2017-02-28 14:15:59,418 [Worker-20] WARN  o.e.m.c.i.embedder.EclipseLogger - Using platform encoding (GBK actually) to copy filtered resources, i.e. build is platform dependent!
2017-02-28 14:15:59,425 [Worker-20] INFO  o.e.m.c.i.embedder.EclipseLogger - Copying 0 resource
2017-02-28 14:15:59,429 [Worker-20] WARN  o.e.m.c.i.embedder.EclipseLogger - Using platform encoding (GBK actually) to copy filtered resources, i.e. build is platform dependent!
2017-02-28 14:15:59,432 [Worker-20] INFO  o.e.m.c.i.embedder.EclipseLogger - Copying 0 resource
2017-02-28 18:29:39,529 [Worker-41] WARN  o.e.m.c.i.embedder.EclipseLogger - Using platform encoding (GBK actually) to copy filtered resources, i.e. build is platform dependent!
2017-02-28 18:29:39,531 [Worker-41] INFO  o.e.m.c.i.embedder.EclipseLogger - Copying 0 resource
2017-02-28 18:29:39,540 [Worker-41] WARN  o.e.m.c.i.embedder.EclipseLogger - Using platform encoding (GBK actually) to copy filtered resources, i.e. build is platform dependent!
2017-02-28 18:29:39,542 [Worker-41] INFO  o.e.m.c.i.embedder.EclipseLogger - Copying 0 resource
2017-03-01 14:03:12,478 [Worker-61] WARN  o.e.m.c.i.embedder.EclipseLogger - Using platform encoding (GBK actually) to copy filtered resources, i.e. build is platform dependent!
2017-03-01 14:03:12,528 [Worker-61] INFO  o.e.m.c.i.embedder.EclipseLogger - Copying 0 resource
2017-03-01 14:03:12,528 [Worker-61] WARN  o.e.m.c.i.embedder.EclipseLogger - Using platform encoding (GBK actually) to copy filtered resources, i.e. build is platform dependent!
2017-03-01 14:03:12,528 [Worker-61] INFO  o.e.m.c.i.embedder.EclipseLogger - Copying 0 resource
2017-03-01 14:07:00,346 [Worker-1] INFO  o.e.m.c.i.l.LifecycleMappingFactory - Using org.maven.ide.eclipse.wtp.WarLifecycleMapping lifecycle mapping for MavenProject: com.primeton.footmap:footmap-app:0.0.1-SNAPSHOT @ H:\gitcode\footmap\footmap-app\pom.xml.
2017-03-01 14:07:05,948 [Worker-10] WARN  o.e.m.c.i.embedder.EclipseLogger - Using platform encoding (GBK actually) to copy filtered resources, i.e. build is platform dependent!
2017-03-01 14:07:06,001 [Worker-10] INFO  o.e.m.c.i.embedder.EclipseLogger - Copying 0 resource
2017-03-01 14:07:06,011 [Worker-10] WARN  o.e.m.c.i.embedder.EclipseLogger - Using platform encoding (GBK actually) to copy filtered resources, i.e. build is platform dependent!
2017-03-01 14:07:06,013 [Worker-10] INFO  o.e.m.c.i.embedder.EclipseLogger - Copying 0 resource
2017-03-01 14:07:09,092 [Worker-6] WARN  o.e.m.c.i.embedder.EclipseLogger - Using platform encoding (GBK actually) to copy filtered resources, i.e. build is platform dependent!
2017-03-01 14:07:09,143 [Worker-6] INFO  o.e.m.c.i.embedder.EclipseLogger - Copying 0 resource
2017-03-01 14:07:09,146 [Worker-6] WARN  o.e.m.c.i.embedder.EclipseLogger - Using platform encoding (GBK actually) to copy filtered resources, i.e. build is platform dependent!
2017-03-01 14:07:09,147 [Worker-6] INFO  o.e.m.c.i.embedder.EclipseLogger - Copying 0 resource
2017-03-01 14:07:22,324 [Worker-12] INFO  o.e.m.c.i.p.ProjectConfigurationManager - Update started
2017-03-01 14:07:23,390 [Worker-12] INFO  o.e.m.c.i.l.LifecycleMappingFactory - Using org.maven.ide.eclipse.wtp.WarLifecycleMapping lifecycle mapping for MavenProject: com.primeton.footmap:footmap-app:0.0.1-SNAPSHOT @ H:\gitcode\footmap\footmap-app\pom.xml.
2017-03-01 14:07:24,068 [Worker-12] INFO  o.e.m.j.i.AbstractJavaProjectConfigurator - Adding source folder /footmap-app/src/main/java
2017-03-01 14:07:24,069 [Worker-12] INFO  o.e.m.j.i.AbstractJavaProjectConfigurator - Adding resource folder /footmap-app/src/main/resources
2017-03-01 14:07:24,070 [Worker-12] INFO  o.e.m.j.i.AbstractJavaProjectConfigurator - Adding source folder /footmap-app/src/test/java
2017-03-01 14:07:24,071 [Worker-12] INFO  o.e.m.j.i.AbstractJavaProjectConfigurator - Adding resource folder /footmap-app/src/test/resources
2017-03-01 14:07:27,098 [Worker-12] INFO  o.e.m.w.i.f.ResourceFilteringBuildParticipant - Cleaning filtered folder for footmap-app
2017-03-01 14:07:27,118 [Worker-12] INFO  o.e.m.c.i.p.ProjectConfigurationManager - Update completed: 4 sec
2017-03-01 14:07:27,672 [Worker-4] WARN  o.e.m.c.i.embedder.EclipseLogger - Using platform encoding (GBK actually) to copy filtered resources, i.e. build is platform dependent!
2017-03-01 14:07:27,675 [Worker-4] INFO  o.e.m.c.i.embedder.EclipseLogger - Copying 0 resource
2017-03-01 14:07:27,680 [Worker-4] WARN  o.e.m.c.i.embedder.EclipseLogger - Using platform encoding (GBK actually) to copy filtered resources, i.e. build is platform dependent!
2017-03-01 14:07:27,682 [Worker-4] INFO  o.e.m.c.i.embedder.EclipseLogger - Copying 0 resource
2017-03-01 14:07:27,683 [Worker-4] INFO  o.e.m.w.i.f.ResourceFilteringBuildParticipant - Changed resources require a complete clean of filtered resources of footmap-app
2017-03-01 14:07:27,684 [Worker-4] INFO  o.e.m.w.i.f.ResourceFilteringBuildParticipant - Executing resource filtering for footmap-app
2017-03-01 14:07:27,697 [Worker-4] WARN  o.e.m.c.i.embedder.EclipseLogger - Using platform encoding (GBK actually) to copy filtered resources, i.e. build is platform dependent!
